current directory: /Users/wasp/Desktop/My_Project/Ruby on Rails dev-course/Rails_projects/test-app/vendor/bundle/ruby/2.5.0/gems/sassc-2.0.1/ext
/Users/wasp/.rbenv/versions/2.5.0/bin/ruby -rrubygems /Users/wasp/Desktop/My_Project/Ruby\ on\ Rails\ dev-course/Rails_projects/test-app/vendor/bundle/ruby/2.5.0/gems/rake-12.3.3/exe/rake RUBYARCHDIR\=/Users/wasp/Desktop/My_Project/Ruby\ on\ Rails\ dev-course/Rails_projects/test-app/vendor/bundle/ruby/2.5.0/extensions/x86_64-darwin-17/2.5.0-static/sassc-2.0.1 RUBYLIBDIR\=/Users/wasp/Desktop/My_Project/Ruby\ on\ Rails\ dev-course/Rails_projects/test-app/vendor/bundle/ruby/2.5.0/extensions/x86_64-darwin-17/2.5.0-static/sassc-2.0.1
cd libsass
make lib/libsass.so
mkdir lib
cc -Wall -O2 -I /Users/wasp/Desktop/My_Project/Ruby /Users/wasp/Desktop/My_Project/Ruby on Rails dev-course/Rails_projects/test-app/vendor/bundle/ruby/2.5.0/gems/sassc-2.0.1/ext/libsass/on /Users/wasp/Desktop/My_Project/Ruby on Rails dev-course/Rails_projects/test-app/vendor/bundle/ruby/2.5.0/gems/sassc-2.0.1/ext/libsass/Rails /Users/wasp/Desktop/My_Project/Ruby on Rails dev-course/Rails_projects/test-app/vendor/bundle/ruby/2.5.0/gems/sassc-2.0.1/ext/libsass/dev-course/Rails_projects/test-app/vendor/bundle/ruby/2.5.0/gems/sassc-2.0.1/ext/libsass/include -stdlib=libc++ -fPIC -fPIC -c -o src/cencode.o src/cencode.c
clang: error: no such file or directory: '/Users/wasp/Desktop/My_Project/Ruby'
clang: error: no such file or directory: 'on'
clang: error: no such file or directory: 'Rails'
clang: error: no such file or directory: 'dev-course/Rails_projects/test-app/vendor/bundle/ruby/2.5.0/gems/sassc-2.0.1/ext/libsass/on'
clang: error: no such file or directory: '/Users/wasp/Desktop/My_Project/Ruby'
clang: error: no such file or directory: 'on'
clang: error: no such file or directory: 'Rails'
clang: error: no such file or directory: 'dev-course/Rails_projects/test-app/vendor/bundle/ruby/2.5.0/gems/sassc-2.0.1/ext/libsass/Rails'
clang: error: no such file or directory: '/Users/wasp/Desktop/My_Project/Ruby'
clang: error: no such file or directory: 'on'
clang: error: no such file or directory: 'Rails'
clang: error: no such file or directory: 'dev-course/Rails_projects/test-app/vendor/bundle/ruby/2.5.0/gems/sassc-2.0.1/ext/libsass/dev-course/Rails_projects/test-app/vendor/bundle/ruby/2.5.0/gems/sassc-2.0.1/ext/libsass/include'
make: *** [src/cencode.o] Error 1
rake aborted!
Command failed with status (2): [make lib/libsass.so...]
/Users/wasp/Desktop/My_Project/Ruby on Rails dev-course/Rails_projects/test-app/vendor/bundle/ruby/2.5.0/gems/sassc-2.0.1/lib/tasks/libsass.rb:31:in `block (2 levels) in <top (required)>'
/Users/wasp/Desktop/My_Project/Ruby on Rails dev-course/Rails_projects/test-app/vendor/bundle/ruby/2.5.0/gems/sassc-2.0.1/lib/tasks/libsass.rb:13:in `block (3 levels) in <top (required)>'
/Users/wasp/Desktop/My_Project/Ruby on Rails dev-course/Rails_projects/test-app/vendor/bundle/ruby/2.5.0/gems/sassc-2.0.1/lib/tasks/libsass.rb:12:in `block (2 levels) in <top (required)>'
/Users/wasp/Desktop/My_Project/Ruby on Rails dev-course/Rails_projects/test-app/vendor/bundle/ruby/2.5.0/gems/rake-12.3.3/exe/rake:27:in `<main>'
Tasks: TOP => lib/libsass.so
(See full trace by running task with --trace)

rake failed, exit code 1
